android/app/build/intermediates/manifest_merge_blame_file/debug/processDebugMainManifest/manifest-merger-blame-debug-report.txt
1<?xml version="1.0" encoding="utf-8"?>
2<manifest xmlns:android="http://schemas.android.com/apk/res/android"
3    package="cl.pawfriend.app"
4    android:versionCode="1"
5    android:versionName="1.0.0" >
6
7    <uses-sdk
8        android:minSdkVersion="24"
9        android:targetSdkVersion="35" />
10
11    <!-- Internet access for API calls -->
12    <uses-permission android:name="android.permission.INTERNET" />
12-->src/main/AndroidManifest.xml:5:5-67
12-->src/main/AndroidManifest.xml:5:22-64
13
14    <!-- Network state to check connectivity -->
15    <uses-permission android:name="android.permission.ACCESS_NETWORK_STATE" />
15-->src/main/AndroidManifest.xml:8:5-79
15-->src/main/AndroidManifest.xml:8:22-76
16
17    <!-- Location permissions for pet-friendly places and lost pets features -->
18    <uses-permission android:name="android.permission.ACCESS_COARSE_LOCATION" />
18-->src/main/AndroidManifest.xml:11:5-81
18-->src/main/AndroidManifest.xml:11:22-78
19    <uses-permission android:name="android.permission.ACCESS_FINE_LOCATION" />
19-->src/main/AndroidManifest.xml:12:5-79
19-->src/main/AndroidManifest.xml:12:22-76
20
21    <!-- Camera permission for pet photos and profile pictures -->
22    <uses-permission android:name="android.permission.CAMERA" />
22-->src/main/AndroidManifest.xml:15:5-65
22-->src/main/AndroidManifest.xml:15:22-62
23
24    <!-- Storage permissions for saving/uploading photos -->
25    <uses-permission
25-->src/main/AndroidManifest.xml:18:5-19:38
26        android:name="android.permission.READ_EXTERNAL_STORAGE"
26-->src/main/AndroidManifest.xml:18:22-77
27        android:maxSdkVersion="32" />
27-->src/main/AndroidManifest.xml:19:9-35
28    <uses-permission
28-->src/main/AndroidManifest.xml:20:5-21:38
29        android:name="android.permission.WRITE_EXTERNAL_STORAGE"
29-->src/main/AndroidManifest.xml:20:22-78
30        android:maxSdkVersion="29" />
30-->src/main/AndroidManifest.xml:21:9-35
31
32    <!-- Media permissions for Android 13+ -->
33    <uses-permission android:name="android.permission.READ_MEDIA_IMAGES" />
33-->src/main/AndroidManifest.xml:24:5-76
33-->src/main/AndroidManifest.xml:24:22-73
34
35    <!-- Push notifications -->
36    <uses-permission android:name="android.permission.POST_NOTIFICATIONS" />
36-->src/main/AndroidManifest.xml:27:5-77
36-->src/main/AndroidManifest.xml:27:22-74
37
38    <!-- Vibration for notifications -->
39    <uses-permission android:name="android.permission.VIBRATE" />
39-->src/main/AndroidManifest.xml:30:5-66
39-->src/main/AndroidManifest.xml:30:22-63
40
41    <!-- Feature declarations (optional features) -->
42    <uses-feature
42-->src/main/AndroidManifest.xml:33:5-85
43        android:name="android.hardware.camera"
43-->src/main/AndroidManifest.xml:33:19-57
44        android:required="false" />
44-->src/main/AndroidManifest.xml:33:58-82
45    <uses-feature
45-->src/main/AndroidManifest.xml:34:5-95
46        android:name="android.hardware.camera.autofocus"
46-->src/main/AndroidManifest.xml:34:19-67
47        android:required="false" />
47-->src/main/AndroidManifest.xml:34:68-92
48    <uses-feature
48-->src/main/AndroidManifest.xml:35:5-91
49        android:name="android.hardware.location.gps"
49-->src/main/AndroidManifest.xml:35:19-63
50        android:required="false" />
50-->src/main/AndroidManifest.xml:35:64-88
51
52    <uses-permission android:name="android.permission.USE_CREDENTIALS" />
52-->[:codetrix-studio-capacitor-google-auth] AndroidManifest.xml:7:5-74
52-->[:codetrix-studio-capacitor-google-auth] AndroidManifest.xml:7:22-71
53
54    <permission
54-->[androidx.core:core:1.12.0] AndroidManifest.xml:22:5-24:47
55        android:name="cl.pawfriend.app.DYNAMIC_RECEIVER_NOT_EXPORTED_PERMISSION"
55-->[androidx.core:core:1.12.0] AndroidManifest.xml:23:9-81
56        android:protectionLevel="signature" />
56-->[androidx.core:core:1.12.0] AndroidManifest.xml:24:9-44
57
58    <uses-permission android:name="cl.pawfriend.app.DYNAMIC_RECEIVER_NOT_EXPORTED_PERMISSION" />
58-->[androidx.core:core:1.12.0] AndroidManifest.xml:26:5-97
58-->[androidx.core:core:1.12.0] AndroidManifest.xml:26:22-94
59
60    <application
60-->src/main/AndroidManifest.xml:37:5-80:19
61        android:allowBackup="true"
61-->src/main/AndroidManifest.xml:38:9-35
62        android:appComponentFactory="androidx.core.app.CoreComponentFactory"
62-->[androidx.core:core:1.12.0] AndroidManifest.xml:28:18-86
63        android:debuggable="true"
64        android:extractNativeLibs="false"
65        android:icon="@mipmap/ic_launcher"
65-->src/main/AndroidManifest.xml:39:9-43
66        android:label="@string/app_name"
66-->src/main/AndroidManifest.xml:40:9-41
67        android:networkSecurityConfig="@xml/network_security_config"
67-->src/main/AndroidManifest.xml:44:9-69
68        android:roundIcon="@mipmap/ic_launcher_round"
68-->src/main/AndroidManifest.xml:41:9-54
69        android:supportsRtl="true"
69-->src/main/AndroidManifest.xml:42:9-35
70        android:theme="@style/AppTheme"
70-->src/main/AndroidManifest.xml:43:9-40
71        android:usesCleartextTraffic="true" >
71-->src/main/AndroidManifest.xml:45:9-44
72        <activity
72-->src/main/AndroidManifest.xml:47:9-68:20
73            android:name="cl.pawfriend.app.MainActivity"
73-->src/main/AndroidManifest.xml:49:13-41
74            android:configChanges="orientation|keyboardHidden|keyboard|screenSize|locale|smallestScreenSize|screenLayout|uiMode"
74-->src/main/AndroidManifest.xml:48:13-129
75            android:exported="true"
75-->src/main/AndroidManifest.xml:53:13-36
76            android:label="@string/title_activity_main"
76-->src/main/AndroidManifest.xml:50:13-56
77            android:launchMode="singleTask"
77-->src/main/AndroidManifest.xml:52:13-44
78            android:theme="@style/AppTheme.NoActionBarLaunch" >
78-->src/main/AndroidManifest.xml:51:13-62
79            <intent-filter>
79-->src/main/AndroidManifest.xml:55:13-58:29
80                <action android:name="android.intent.action.MAIN" />
80-->src/main/AndroidManifest.xml:56:17-69
80-->src/main/AndroidManifest.xml:56:25-66
81
82                <category android:name="android.intent.category.LAUNCHER" />
82-->src/main/AndroidManifest.xml:57:17-77
82-->src/main/AndroidManifest.xml:57:27-74
83            </intent-filter>
84
85            <!-- Deep linking for OAuth callbacks -->
86            <intent-filter android:autoVerify="true" >
86-->src/main/AndroidManifest.xml:61:13-66:29
86-->src/main/AndroidManifest.xml:61:28-53
87                <action android:name="android.intent.action.VIEW" />
87-->src/main/AndroidManifest.xml:62:17-69
87-->src/main/AndroidManifest.xml:62:25-66
88
89                <category android:name="android.intent.category.DEFAULT" />
89-->src/main/AndroidManifest.xml:63:17-76
89-->src/main/AndroidManifest.xml:63:27-73
90                <category android:name="android.intent.category.BROWSABLE" />
90-->src/main/AndroidManifest.xml:64:17-78
90-->src/main/AndroidManifest.xml:64:27-75
91
92                <data android:scheme="cl.pawfriend.app" />
92-->src/main/AndroidManifest.xml:65:17-59
92-->src/main/AndroidManifest.xml:65:23-56
93            </intent-filter>
94        </activity>
95
96        <provider
97            android:name="androidx.core.content.FileProvider"
97-->src/main/AndroidManifest.xml:71:13-62
98            android:authorities="cl.pawfriend.app.fileprovider"
98-->src/main/AndroidManifest.xml:72:13-64
99            android:exported="false"
99-->src/main/AndroidManifest.xml:73:13-37
100            android:grantUriPermissions="true" >
100-->src/main/AndroidManifest.xml:74:13-47
101            <meta-data
101-->src/main/AndroidManifest.xml:75:13-77:54
102                android:name="android.support.FILE_PROVIDER_PATHS"
102-->src/main/AndroidManifest.xml:76:17-67
103                android:resource="@xml/file_paths" />
103-->src/main/AndroidManifest.xml:77:17-51
104        </provider>
105
106        <activity
106-->[com.google.android.gms:play-services-auth:18.1.0] AndroidManifest.xml:23:9-27:75
107            android:name="com.google.android.gms.auth.api.signin.internal.SignInHubActivity"
107-->[com.google.android.gms:play-services-auth:18.1.0] AndroidManifest.xml:24:13-93
108            android:excludeFromRecents="true"
108-->[com.google.android.gms:play-services-auth:18.1.0] AndroidManifest.xml:25:13-46
109            android:exported="false"
109-->[com.google.android.gms:play-services-auth:18.1.0] AndroidManifest.xml:26:13-37
110            android:theme="@android:style/Theme.Translucent.NoTitleBar" />
110-->[com.google.android.gms:play-services-auth:18.1.0] AndroidManifest.xml:27:13-72
111        <!--
112            Service handling Google Sign-In user revocation. For apps that do not integrate with
113            Google Sign-In, this service will never be started.
114        -->
115        <service
115-->[com.google.android.gms:play-services-auth:18.1.0] AndroidManifest.xml:33:9-37:51
116            android:name="com.google.android.gms.auth.api.signin.RevocationBoundService"
116-->[com.google.android.gms:play-services-auth:18.1.0] AndroidManifest.xml:34:13-89
117            android:exported="true"
117-->[com.google.android.gms:play-services-auth:18.1.0] AndroidManifest.xml:35:13-36
118            android:permission="com.google.android.gms.auth.api.signin.permission.REVOCATION_NOTIFICATION"
118-->[com.google.android.gms:play-services-auth:18.1.0] AndroidManifest.xml:36:13-107
119            android:visibleToInstantApps="true" />
119-->[com.google.android.gms:play-services-auth:18.1.0] AndroidManifest.xml:37:13-48
120
121        <activity
121-->[com.google.android.gms:play-services-base:17.1.0] AndroidManifest.xml:23:9-26:75
122            android:name="com.google.android.gms.common.api.GoogleApiActivity"
122-->[com.google.android.gms:play-services-base:17.1.0] AndroidManifest.xml:24:13-79
123            android:exported="false"
123-->[com.google.android.gms:play-services-base:17.1.0] AndroidManifest.xml:25:13-37
124            android:theme="@android:style/Theme.Translucent.NoTitleBar" />
124-->[com.google.android.gms:play-services-base:17.1.0] AndroidManifest.xml:26:13-72
125
126        <meta-data
126-->[com.google.android.gms:play-services-basement:17.1.1] AndroidManifest.xml:23:9-25:69
127            android:name="com.google.android.gms.version"
127-->[com.google.android.gms:play-services-basement:17.1.1] AndroidManifest.xml:24:13-58
128            android:value="@integer/google_play_services_version" />
128-->[com.google.android.gms:play-services-basement:17.1.1] AndroidManifest.xml:25:13-66
129
130        <provider
130-->[androidx.emoji2:emoji2:1.2.0] AndroidManifest.xml:24:9-32:20
131            android:name="androidx.startup.InitializationProvider"
131-->[androidx.emoji2:emoji2:1.2.0] AndroidManifest.xml:25:13-67
132            android:authorities="cl.pawfriend.app.androidx-startup"
132-->[androidx.emoji2:emoji2:1.2.0] AndroidManifest.xml:26:13-68
133            android:exported="false" >
133-->[androidx.emoji2:emoji2:1.2.0] AndroidManifest.xml:27:13-37
134            <meta-data
134-->[androidx.emoji2:emoji2:1.2.0] AndroidManifest.xml:29:13-31:52
135                android:name="androidx.emoji2.text.EmojiCompatInitializer"
135-->[androidx.emoji2:emoji2:1.2.0] AndroidManifest.xml:30:17-75
136                android:value="androidx.startup" />
136-->[androidx.emoji2:emoji2:1.2.0] AndroidManifest.xml:31:17-49
137            <meta-data
137-->[androidx.lifecycle:lifecycle-process:2.6.1] AndroidManifest.xml:29:13-31:52
138                android:name="androidx.lifecycle.ProcessLifecycleInitializer"
138-->[androidx.lifecycle:lifecycle-process:2.6.1] AndroidManifest.xml:30:17-78
139                android:value="androidx.startup" />
139-->[androidx.lifecycle:lifecycle-process:2.6.1] AndroidManifest.xml:31:17-49
140            <meta-data
140-->[androidx.profileinstaller:profileinstaller:1.3.0] AndroidManifest.xml:29:13-31:52
141                android:name="androidx.profileinstaller.ProfileInstallerInitializer"
141-->[androidx.profileinstaller:profileinstaller:1.3.0] AndroidManifest.xml:30:17-85
142                android:value="androidx.startup" />
142-->[androidx.profileinstaller:profileinstaller:1.3.0] AndroidManifest.xml:31:17-49
143        </provider>
144
145        <receiver
145-->[androidx.profileinstaller:profileinstaller:1.3.0] AndroidManifest.xml:34:9-52:20
146            android:name="androidx.profileinstaller.ProfileInstallReceiver"
146-->[androidx.profileinstaller:profileinstaller:1.3.0] AndroidManifest.xml:35:13-76
147            android:directBootAware="false"
147-->[androidx.profileinstaller:profileinstaller:1.3.0] AndroidManifest.xml:36:13-44
148            android:enabled="true"
148-->[androidx.profileinstaller:profileinstaller:1.3.0] AndroidManifest.xml:37:13-35
149            android:exported="true"
149-->[androidx.profileinstaller:profileinstaller:1.3.0] AndroidManifest.xml:38:13-36
150            android:permission="android.permission.DUMP" >
150-->[androidx.profileinstaller:profileinstaller:1.3.0] AndroidManifest.xml:39:13-57
151            <intent-filter>
151-->[androidx.profileinstaller:profileinstaller:1.3.0] AndroidManifest.xml:40:13-42:29
152                <action android:name="androidx.profileinstaller.action.INSTALL_PROFILE" />
152-->[androidx.profileinstaller:profileinstaller:1.3.0] AndroidManifest.xml:41:17-91
152-->[androidx.profileinstaller:profileinstaller:1.3.0] AndroidManifest.xml:41:25-88
153            </intent-filter>
154            <intent-filter>
154-->[androidx.profileinstaller:profileinstaller:1.3.0] AndroidManifest.xml:43:13-45:29
155                <action android:name="androidx.profileinstaller.action.SKIP_FILE" />
155-->[androidx.profileinstaller:profileinstaller:1.3.0] AndroidManifest.xml:44:17-85
155-->[androidx.profileinstaller:profileinstaller:1.3.0] AndroidManifest.xml:44:25-82
156            </intent-filter>
157            <intent-filter>
157-->[androidx.profileinstaller:profileinstaller:1.3.0] AndroidManifest.xml:46:13-48:29
158                <action android:name="androidx.profileinstaller.action.SAVE_PROFILE" />
158-->[androidx.profileinstaller:profileinstaller:1.3.0] AndroidManifest.xml:47:17-88
158-->[androidx.profileinstaller:profileinstaller:1.3.0] AndroidManifest.xml:47:25-85
159            </intent-filter>
160            <intent-filter>
160-->[androidx.profileinstaller:profileinstaller:1.3.0] AndroidManifest.xml:49:13-51:29
161                <action android:name="androidx.profileinstaller.action.BENCHMARK_OPERATION" />
161-->[androidx.profileinstaller:profileinstaller:1.3.0] AndroidManifest.xml:50:17-95
161-->[androidx.profileinstaller:profileinstaller:1.3.0] AndroidManifest.xml:50:25-92
162            </intent-filter>
163        </receiver>
164    </application>
165
166</manifest>